<?xml version="1.0" encoding="UTF-8"?>
<testng-results ignored="0" total="1" passed="1" failed="0" skipped="0">
  <reporter-output>
  </reporter-output>
  <suite started-at="2023-03-07T22:34:52 IST" name="Default suite" finished-at="2023-03-07T22:35:07 IST" duration-ms="15281">
    <groups>
    </groups>
    <test started-at="2023-03-07T22:34:52 IST" name="Default test" finished-at="2023-03-07T22:35:07 IST" duration-ms="15281">
      <class name="seleniumBasics.WebTablesWithExtentReport">
        <test-method signature="WebTablesWorking()[pri:0, instance:seleniumBasics.WebTablesWithExtentReport@7ec7ffd3]" started-at="2023-03-07T22:34:52 IST" name="WebTablesWorking" finished-at="2023-03-07T22:35:07 IST" duration-ms="15242" status="PASS">
          <reporter-output>
          </reporter-output>
        </test-method> <!-- WebTablesWorking -->
      </class> <!-- seleniumBasics.WebTablesWithExtentReport -->
    </test> <!-- Default test -->
  </suite> <!-- Default suite -->
</testng-results>
